2019-12-12 00:00:00.1725 [AISCGWLibData.DbReader.ReadTokenData:79] Trace: TokenValid: ValidFrom: 2019-07-01T00:00:00.0000000 ValidTill: 2020-07-01T00:00:00.0000000 
2019-12-12 00:00:03.5165 [AISCGWLibData.DbReader.ReadTokenData:79] Trace: TokenValid: ValidFrom: 2019-07-01T00:00:00.0000000 ValidTill: 2020-07-01T00:00:00.0000000 
2019-12-12 00:00:03.8447 [AISCGWLibData.DbReader.ReadTokenData:79] Trace: TokenValid: ValidFrom: 2019-07-01T00:00:00.0000000 ValidTill: 2020-07-01T00:00:00.0000000 
2019-12-12 00:00:03.9384 [AISCGWLibData.DbReader.ReadTokenData:79] Trace: TokenValid: ValidFrom: 2019-07-01T00:00:00.0000000 ValidTill: 2020-07-01T00:00:00.0000000 
2019-12-12 00:00:04.3447 [AISCGWLibData.DbReader.ReadTokenData:79] Trace: TokenValid: ValidFrom: 2019-07-01T00:00:00.0000000 ValidTill: 2020-07-01T00:00:00.0000000 
2019-12-12 00:00:04.4228 [AISCGWLibData.DbReader.ReadTokenData:79] Trace: TokenValid: ValidFrom: 2019-07-01T00:00:00.0000000 ValidTill: 2020-07-01T00:00:00.0000000 
2019-12-12 00:00:04.4854 [AISCGWLibData.DbReader.ReadTokenData:79] Trace: TokenValid: ValidFrom: 2019-07-01T00:00:00.0000000 ValidTill: 2020-07-01T00:00:00.0000000 
2019-12-12 00:00:04.5947 [AISCGWLibData.DbReader..ctor:50] Debug: Connection open 
2019-12-12 00:00:04.5947 [AISCGWLibData.DbReader.CheckParkingId:103] Trace: Count: 1 
2019-12-12 00:00:04.8760 [AISCGWLibData.DbReader.ReadTokenData:79] Trace: TokenValid: ValidFrom: 2019-07-01T00:00:00.0000000 ValidTill: 2020-07-01T00:00:00.0000000 
2019-12-12 00:00:05.0166 [AISCGWLibData.DbReader.ReadInfoData:194] Trace: AISCInfoType: 'ParkingId':'5001','Lang':'ru','ServiceTypes':'1','Levels':'3','CellComputer':'1891','FacilityId':'5001','IsWork':'true','ParkingDocMask':'[0-9]{26}','Lost':'false','ETicket':'false','PriceRangeTicketMin':'50','PriceRangeTicketMax':'300000','PriceRangeSubscriptionMin':'0','PriceRangeSubscriptionMax':'0','VehicleTypeCar':'true','VehicleTypeMotorcycle':'false','VehicleTypeBigCar':'false','Icon':'<#null>','Address':'Москва, Ходынский б-р д.1','Note':'Инвалиды I и II Группа бесплатно. Нужно обратиться к диспетчеру парковки с документами.','Name':'ДС "Мегаспорт"','Phone':'+7-495-643-1818','Tariff':'50 рублей в час, 350 рублей суточный. В день Мероприятия 400 рублей за 7 часов с момента въезда на парковку','Schedule':'Круглосуточно' 
2019-12-12 00:00:05.2042 [AISCGWLibData.DbReader.ReadTokenData:79] Trace: TokenValid: ValidFrom: 2019-07-01T00:00:00.0000000 ValidTill: 2020-07-01T00:00:00.0000000 
2019-12-12 00:00:05.4386 [AISCGWLibData.DbReader.Dispose:38] Debug: Connection closed 
2019-12-12 00:00:05.4698 [AISCGWLibData.DbReader.ReadTokenData:79] Trace: TokenValid: ValidFrom: 2019-07-01T00:00:00.0000000 ValidTill: 2020-07-01T00:00:00.0000000 
2019-12-12 00:00:05.4698 [AISCGWLibData.DbReader..ctor:50] Debug: Connection open 
2019-12-12 00:00:05.4855 [AISCGWLibData.DbReader.CheckParkingId:103] Trace: Count: 1 
2019-12-12 00:00:05.5948 [AISCGWLibData.DbReader.ReadTokenData:79] Trace: TokenValid: ValidFrom: 2019-07-01T00:00:00.0000000 ValidTill: 2020-07-01T00:00:00.0000000 
2019-12-12 00:00:05.6730 [AISCGWLibData.DbReader.ReadTokenData:79] Trace: TokenValid: ValidFrom: 2019-07-01T00:00:00.0000000 ValidTill: 2020-07-01T00:00:00.0000000 
2019-12-12 00:00:05.8605 [AISCGWLibData.DbReader.ReadInfoData:194] Trace: AISCInfoType: 'ParkingId':'5001','Lang':'ru','ServiceTypes':'1','Levels':'3','CellComputer':'1891','FacilityId':'5001','IsWork':'true','ParkingDocMask':'[0-9]{26}','Lost':'false','ETicket':'false','PriceRangeTicketMin':'50','PriceRangeTicketMax':'300000','PriceRangeSubscriptionMin':'0','PriceRangeSubscriptionMax':'0','VehicleTypeCar':'true','VehicleTypeMotorcycle':'false','VehicleTypeBigCar':'false','Icon':'<#null>','Address':'Москва, Ходынский б-р д.1','Note':'Инвалиды I и II Группа бесплатно. Нужно обратиться к диспетчеру парковки с документами.','Name':'ДС "Мегаспорт"','Phone':'+7-495-643-1818','Tariff':'50 рублей в час, 350 рублей суточный. В день Мероприятия 400 рублей за 7 часов с момента въезда на парковку','Schedule':'Круглосуточно' 
2019-12-12 00:00:05.8917 [AISCGWLibData.DbReader.ReadTokenData:79] Trace: TokenValid: ValidFrom: 2019-07-01T00:00:00.0000000 ValidTill: 2020-07-01T00:00:00.0000000 
2019-12-12 00:00:06.1105 [AISCGWLibData.DbReader.ReadTokenData:79] Trace: TokenValid: ValidFrom: 2019-07-01T00:00:00.0000000 ValidTill: 2020-07-01T00:00:00.0000000 
2019-12-12 00:00:06.1886 [AISCGWLibData.DbReader.ReadTokenData:79] Trace: TokenValid: ValidFrom: 2019-07-01T00:00:00.0000000 ValidTill: 2020-07-01T00:00:00.0000000 
2019-12-12 00:00:06.2668 [AISCGWLibData.DbReader.Dispose:38] Debug: Connection closed 
2019-12-12 00:00:06.5480 [AISCGWLibData.DbReader.ReadTokenData:79] Trace: TokenValid: ValidFrom: 2019-07-01T00:00:00.0000000 ValidTill: 2020-07-01T00:00:00.0000000 
2019-12-12 00:00:06.6262 [AISCGWLibData.DbReader.ReadTokenData:79] Trace: TokenValid: ValidFrom: 2019-07-01T00:00:00.0000000 ValidTill: 2020-07-01T00:00:00.0000000 
2019-12-12 00:00:06.8918 [AISCGWLibData.DbReader.ReadTokenData:79] Trace: TokenValid: ValidFrom: 2019-07-01T00:00:00.0000000 ValidTill: 2020-07-01T00:00:00.0000000 
2019-12-12 00:00:07.2356 [AISCGWLibData.DbReader.ReadTokenData:79] Trace: TokenValid: ValidFrom: 2019-07-01T00:00:00.0000000 ValidTill: 2020-07-01T00:00:00.0000000 
2019-12-12 00:00:07.4856 [AISCGWLibData.DbReader.ReadTokenData:79] Trace: TokenValid: ValidFrom: 2019-07-01T00:00:00.0000000 ValidTill: 2020-07-01T00:00:00.0000000 
2019-12-12 00:00:07.5637 [AISCGWLibData.DbReader.ReadTokenData:79] Trace: TokenValid: ValidFrom: 2019-07-01T00:00:00.0000000 ValidTill: 2020-07-01T00:00:00.0000000 
2019-12-12 00:00:07.6263 [AISCGWLibData.DbReader.ReadTokenData:79] Trace: TokenValid: ValidFrom: 2019-07-01T00:00:00.0000000 ValidTill: 2020-07-01T00:00:00.0000000 
2019-12-12 00:02:08.3401 [AISCGWLibData.DbReader.ReadTokenData:79] Trace: TokenValid: ValidFrom: 2019-07-01T00:00:00.0000000 ValidTill: 2020-07-01T00:00:00.0000000 
2019-12-12 00:02:08.5902 [AISCGWLibData.DbReader.ReadTokenData:79] Trace: TokenValid: ValidFrom: 2019-07-01T00:00:00.0000000 ValidTill: 2020-07-01T00:00:00.0000000 
2019-12-12 00:34:26.8148 [AISCGWLibData.DbReader.ReadTokenData:79] Trace: TokenValid: ValidFrom: 2019-07-01T00:00:00.0000000 ValidTill: 2020-07-01T00:00:00.0000000 
2019-12-12 00:34:27.8930 [AISCGWLibData.DbReader..ctor:50] Debug: Connection open 
2019-12-12 00:34:27.9086 [AISCGWLibData.DbReader.CheckParkingId:103] Trace: Count: 1 
2019-12-12 00:34:28.3461 [AISCGWLibData.DbReader.ReadInfoData:194] Trace: AISCInfoType: 'ParkingId':'5001','Lang':'ru','ServiceTypes':'1','Levels':'3','CellComputer':'1891','FacilityId':'5001','IsWork':'true','ParkingDocMask':'[0-9]{26}','Lost':'false','ETicket':'false','PriceRangeTicketMin':'50','PriceRangeTicketMax':'300000','PriceRangeSubscriptionMin':'0','PriceRangeSubscriptionMax':'0','VehicleTypeCar':'true','VehicleTypeMotorcycle':'false','VehicleTypeBigCar':'false','Icon':'<#null>','Address':'Москва, Ходынский б-р д.1','Note':'Инвалиды I и II Группа бесплатно. Нужно обратиться к диспетчеру парковки с документами.','Name':'ДС "Мегаспорт"','Phone':'+7-495-643-1818','Tariff':'50 рублей в час, 350 рублей суточный. В день Мероприятия 400 рублей за 7 часов с момента въезда на парковку','Schedule':'Круглосуточно' 
2019-12-12 00:34:28.7837 [AISCGWLibData.DbReader.Dispose:38] Debug: Connection closed 
2019-12-12 03:00:00.5484 [AISCGWLibData.DbReader.ReadTokenData:79] Trace: TokenValid: ValidFrom: 2019-07-01T00:00:00.0000000 ValidTill: 2020-07-01T00:00:00.0000000 
2019-12-12 03:00:04.3925 [AISCGWLibData.DbReader.ReadTokenData:79] Trace: TokenValid: ValidFrom: 2019-07-01T00:00:00.0000000 ValidTill: 2020-07-01T00:00:00.0000000 
2019-12-12 03:00:04.5175 [AISCGWLibData.DbReader.ReadTokenData:79] Trace: TokenValid: ValidFrom: 2019-07-01T00:00:00.0000000 ValidTill: 2020-07-01T00:00:00.0000000 
2019-12-12 03:00:04.9238 [AISCGWLibData.DbReader.ReadTokenData:79] Trace: TokenValid: ValidFrom: 2019-07-01T00:00:00.0000000 ValidTill: 2020-07-01T00:00:00.0000000 
2019-12-12 03:00:05.0019 [AISCGWLibData.DbReader.ReadTokenData:79] Trace: TokenValid: ValidFrom: 2019-07-01T00:00:00.0000000 ValidTill: 2020-07-01T00:00:00.0000000 
2019-12-12 03:00:05.0644 [AISCGWLibData.DbReader.ReadTokenData:79] Trace: TokenValid: ValidFrom: 2019-07-01T00:00:00.0000000 ValidTill: 2020-07-01T00:00:00.0000000 
2019-12-12 03:00:05.4707 [AISCGWLibData.DbReader.ReadTokenData:79] Trace: TokenValid: ValidFrom: 2019-07-01T00:00:00.0000000 ValidTill: 2020-07-01T00:00:00.0000000 
2019-12-12 03:00:05.8457 [AISCGWLibData.DbReader.ReadTokenData:79] Trace: TokenValid: ValidFrom: 2019-07-01T00:00:00.0000000 ValidTill: 2020-07-01T00:00:00.0000000 
2019-12-12 03:00:06.4864 [AISCGWLibData.DbReader.ReadTokenData:79] Trace: TokenValid: ValidFrom: 2019-07-01T00:00:00.0000000 ValidTill: 2020-07-01T00:00:00.0000000 
2019-12-12 03:00:06.6270 [AISCGWLibData.DbReader.ReadTokenData:79] Trace: TokenValid: ValidFrom: 2019-07-01T00:00:00.0000000 ValidTill: 2020-07-01T00:00:00.0000000 
2019-12-12 03:00:07.1740 [AISCGWLibData.DbReader.ReadTokenData:79] Trace: TokenValid: ValidFrom: 2019-07-01T00:00:00.0000000 ValidTill: 2020-07-01T00:00:00.0000000 
2019-12-12 03:00:07.5334 [AISCGWLibData.DbReader.ReadTokenData:79] Trace: TokenValid: ValidFrom: 2019-07-01T00:00:00.0000000 ValidTill: 2020-07-01T00:00:00.0000000 
2019-12-12 03:00:07.6115 [AISCGWLibData.DbReader.ReadTokenData:79] Trace: TokenValid: ValidFrom: 2019-07-01T00:00:00.0000000 ValidTill: 2020-07-01T00:00:00.0000000 
2019-12-12 03:00:08.4240 [AISCGWLibData.DbReader.ReadTokenData:79] Trace: TokenValid: ValidFrom: 2019-07-01T00:00:00.0000000 ValidTill: 2020-07-01T00:00:00.0000000 
2019-12-12 03:00:08.4866 [AISCGWLibData.DbReader.ReadTokenData:79] Trace: TokenValid: ValidFrom: 2019-07-01T00:00:00.0000000 ValidTill: 2020-07-01T00:00:00.0000000 
2019-12-12 03:00:08.9085 [AISCGWLibData.DbReader.ReadTokenData:79] Trace: TokenValid: ValidFrom: 2019-07-01T00:00:00.0000000 ValidTill: 2020-07-01T00:00:00.0000000 
2019-12-12 03:00:09.5179 [AISCGWLibData.DbReader.ReadTokenData:79] Trace: TokenValid: ValidFrom: 2019-07-01T00:00:00.0000000 ValidTill: 2020-07-01T00:00:00.0000000 
2019-12-12 03:00:09.7367 [AISCGWLibData.DbReader.ReadTokenData:79] Trace: TokenValid: ValidFrom: 2019-07-01T00:00:00.0000000 ValidTill: 2020-07-01T00:00:00.0000000 
2019-12-12 03:00:09.8148 [AISCGWLibData.DbReader.ReadTokenData:79] Trace: TokenValid: ValidFrom: 2019-07-01T00:00:00.0000000 ValidTill: 2020-07-01T00:00:00.0000000 
2019-12-12 03:00:09.8930 [AISCGWLibData.DbReader.ReadTokenData:79] Trace: TokenValid: ValidFrom: 2019-07-01T00:00:00.0000000 ValidTill: 2020-07-01T00:00:00.0000000 
2019-12-12 03:02:10.5756 [AISCGWLibData.DbReader.ReadTokenData:79] Trace: TokenValid: ValidFrom: 2019-07-01T00:00:00.0000000 ValidTill: 2020-07-01T00:00:00.0000000 
2019-12-12 03:02:10.7787 [AISCGWLibData.DbReader.ReadTokenData:79] Trace: TokenValid: ValidFrom: 2019-07-01T00:00:00.0000000 ValidTill: 2020-07-01T00:00:00.0000000 
2019-12-12 06:00:00.6975 [AISCGWLibData.DbReader.ReadTokenData:79] Trace: TokenValid: ValidFrom: 2019-07-01T00:00:00.0000000 ValidTill: 2020-07-01T00:00:00.0000000 
2019-12-12 06:00:05.9323 [AISCGWLibData.DbReader.ReadTokenData:79] Trace: TokenValid: ValidFrom: 2019-07-01T00:00:00.0000000 ValidTill: 2020-07-01T00:00:00.0000000 
2019-12-12 06:00:06.0105 [AISCGWLibData.DbReader.ReadTokenData:79] Trace: TokenValid: ValidFrom: 2019-07-01T00:00:00.0000000 ValidTill: 2020-07-01T00:00:00.0000000 
2019-12-12 06:00:06.3543 [AISCGWLibData.DbReader.ReadTokenData:79] Trace: TokenValid: ValidFrom: 2019-07-01T00:00:00.0000000 ValidTill: 2020-07-01T00:00:00.0000000 
2019-12-12 06:00:06.4324 [AISCGWLibData.DbReader.ReadTokenData:79] Trace: TokenValid: ValidFrom: 2019-07-01T00:00:00.0000000 ValidTill: 2020-07-01T00:00:00.0000000 
2019-12-12 06:00:06.5261 [AISCGWLibData.DbReader.ReadTokenData:79] Trace: TokenValid: ValidFrom: 2019-07-01T00:00:00.0000000 ValidTill: 2020-07-01T00:00:00.0000000 
2019-12-12 06:00:06.8699 [AISCGWLibData.DbReader.ReadTokenData:79] Trace: TokenValid: ValidFrom: 2019-07-01T00:00:00.0000000 ValidTill: 2020-07-01T00:00:00.0000000 
2019-12-12 06:00:07.2137 [AISCGWLibData.DbReader.ReadTokenData:79] Trace: TokenValid: ValidFrom: 2019-07-01T00:00:00.0000000 ValidTill: 2020-07-01T00:00:00.0000000 
2019-12-12 06:00:07.5731 [AISCGWLibData.DbReader.ReadTokenData:79] Trace: TokenValid: ValidFrom: 2019-07-01T00:00:00.0000000 ValidTill: 2020-07-01T00:00:00.0000000 
2019-12-12 06:00:07.6515 [AISCGWLibData.DbReader.ReadTokenData:79] Trace: TokenValid: ValidFrom: 2019-07-01T00:00:00.0000000 ValidTill: 2020-07-01T00:00:00.0000000 
2019-12-12 06:00:07.8700 [AISCGWLibData.DbReader.ReadTokenData:79] Trace: TokenValid: ValidFrom: 2019-07-01T00:00:00.0000000 ValidTill: 2020-07-01T00:00:00.0000000 
2019-12-12 06:00:08.1356 [AISCGWLibData.DbReader.ReadTokenData:79] Trace: TokenValid: ValidFrom: 2019-07-01T00:00:00.0000000 ValidTill: 2020-07-01T00:00:00.0000000 
2019-12-12 06:00:08.1982 [AISCGWLibData.DbReader.ReadTokenData:79] Trace: TokenValid: ValidFrom: 2019-07-01T00:00:00.0000000 ValidTill: 2020-07-01T00:00:00.0000000 
2019-12-12 06:00:08.5420 [AISCGWLibData.DbReader.ReadTokenData:79] Trace: TokenValid: ValidFrom: 2019-07-01T00:00:00.0000000 ValidTill: 2020-07-01T00:00:00.0000000 
2019-12-12 06:00:08.6201 [AISCGWLibData.DbReader.ReadTokenData:79] Trace: TokenValid: ValidFrom: 2019-07-01T00:00:00.0000000 ValidTill: 2020-07-01T00:00:00.0000000 
2019-12-12 06:00:08.8389 [AISCGWLibData.DbReader.ReadTokenData:79] Trace: TokenValid: ValidFrom: 2019-07-01T00:00:00.0000000 ValidTill: 2020-07-01T00:00:00.0000000 
2019-12-12 06:00:09.2139 [AISCGWLibData.DbReader.ReadTokenData:79] Trace: TokenValid: ValidFrom: 2019-07-01T00:00:00.0000000 ValidTill: 2020-07-01T00:00:00.0000000 
2019-12-12 06:00:09.4327 [AISCGWLibData.DbReader.ReadTokenData:79] Trace: TokenValid: ValidFrom: 2019-07-01T00:00:00.0000000 ValidTill: 2020-07-01T00:00:00.0000000 
2019-12-12 06:00:09.5108 [AISCGWLibData.DbReader.ReadTokenData:79] Trace: TokenValid: ValidFrom: 2019-07-01T00:00:00.0000000 ValidTill: 2020-07-01T00:00:00.0000000 
2019-12-12 06:00:09.5889 [AISCGWLibData.DbReader.ReadTokenData:79] Trace: TokenValid: ValidFrom: 2019-07-01T00:00:00.0000000 ValidTill: 2020-07-01T00:00:00.0000000 
2019-12-12 06:02:10.3202 [AISCGWLibData.DbReader.ReadTokenData:79] Trace: TokenValid: ValidFrom: 2019-07-01T00:00:00.0000000 ValidTill: 2020-07-01T00:00:00.0000000 
2019-12-12 06:02:10.5233 [AISCGWLibData.DbReader.ReadTokenData:79] Trace: TokenValid: ValidFrom: 2019-07-01T00:00:00.0000000 ValidTill: 2020-07-01T00:00:00.0000000 
2019-12-12 07:39:20.9789 [AISCGWLibData.DbReader.ReadTokenData:79] Trace: TokenValid: ValidFrom: 2019-07-01T00:00:00.0000000 ValidTill: 2020-07-01T00:00:00.0000000 
2019-12-12 07:39:22.0572 [AISCGWLibData.DbReader..ctor:50] Debug: Connection open 
2019-12-12 07:39:22.0728 [AISCGWLibData.DbReader.CheckParkingId:103] Trace: Count: 1 
2019-12-12 07:39:22.5104 [AISCGWLibData.DbReader.ReadInfoData:194] Trace: AISCInfoType: 'ParkingId':'5001','Lang':'ru','ServiceTypes':'1','Levels':'3','CellComputer':'1891','FacilityId':'5001','IsWork':'true','ParkingDocMask':'[0-9]{26}','Lost':'false','ETicket':'false','PriceRangeTicketMin':'50','PriceRangeTicketMax':'300000','PriceRangeSubscriptionMin':'0','PriceRangeSubscriptionMax':'0','VehicleTypeCar':'true','VehicleTypeMotorcycle':'false','VehicleTypeBigCar':'false','Icon':'<#null>','Address':'Москва, Ходынский б-р д.1','Note':'Инвалиды I и II Группа бесплатно. Нужно обратиться к диспетчеру парковки с документами.','Name':'ДС "Мегаспорт"','Phone':'+7-495-643-1818','Tariff':'50 рублей в час, 350 рублей суточный. В день Мероприятия 400 рублей за 7 часов с момента въезда на парковку','Schedule':'Круглосуточно' 
2019-12-12 07:39:22.9323 [AISCGWLibData.DbReader.Dispose:38] Debug: Connection closed 
2019-12-12 09:00:00.2184 [AISCGWLibData.DbReader.ReadTokenData:79] Trace: TokenValid: ValidFrom: 2019-07-01T00:00:00.0000000 ValidTill: 2020-07-01T00:00:00.0000000 
2019-12-12 09:00:01.2028 [AISCGWLibData.DbReader.ReadTokenData:79] Trace: TokenValid: ValidFrom: 2019-07-01T00:00:00.0000000 ValidTill: 2020-07-01T00:00:00.0000000 
2019-12-12 09:00:01.2810 [AISCGWLibData.DbReader.ReadTokenData:79] Trace: TokenValid: ValidFrom: 2019-07-01T00:00:00.0000000 ValidTill: 2020-07-01T00:00:00.0000000 
2019-12-12 09:00:01.7966 [AISCGWLibData.DbReader.ReadTokenData:79] Trace: TokenValid: ValidFrom: 2019-07-01T00:00:00.0000000 ValidTill: 2020-07-01T00:00:00.0000000 
2019-12-12 09:00:01.9373 [AISCGWLibData.DbReader.ReadTokenData:79] Trace: TokenValid: ValidFrom: 2019-07-01T00:00:00.0000000 ValidTill: 2020-07-01T00:00:00.0000000 
2019-12-12 09:00:02.0154 [AISCGWLibData.DbReader.ReadTokenData:79] Trace: TokenValid: ValidFrom: 2019-07-01T00:00:00.0000000 ValidTill: 2020-07-01T00:00:00.0000000 
2019-12-12 09:00:02.3748 [AISCGWLibData.DbReader.ReadTokenData:79] Trace: TokenValid: ValidFrom: 2019-07-01T00:00:00.0000000 ValidTill: 2020-07-01T00:00:00.0000000 
2019-12-12 09:00:02.7967 [AISCGWLibData.DbReader.ReadTokenData:79] Trace: TokenValid: ValidFrom: 2019-07-01T00:00:00.0000000 ValidTill: 2020-07-01T00:00:00.0000000 
2019-12-12 09:00:03.2030 [AISCGWLibData.DbReader.ReadTokenData:79] Trace: TokenValid: ValidFrom: 2019-07-01T00:00:00.0000000 ValidTill: 2020-07-01T00:00:00.0000000 
2019-12-12 09:00:03.3593 [AISCGWLibData.DbReader.ReadTokenData:79] Trace: TokenValid: ValidFrom: 2019-07-01T00:00:00.0000000 ValidTill: 2020-07-01T00:00:00.0000000 
2019-12-12 09:00:03.7812 [AISCGWLibData.DbReader.ReadTokenData:79] Trace: TokenValid: ValidFrom: 2019-07-01T00:00:00.0000000 ValidTill: 2020-07-01T00:00:00.0000000 
2019-12-12 09:00:04.0156 [AISCGWLibData.DbReader.ReadTokenData:79] Trace: TokenValid: ValidFrom: 2019-07-01T00:00:00.0000000 ValidTill: 2020-07-01T00:00:00.0000000 
2019-12-12 09:00:04.0937 [AISCGWLibData.DbReader.ReadTokenData:79] Trace: TokenValid: ValidFrom: 2019-07-01T00:00:00.0000000 ValidTill: 2020-07-01T00:00:00.0000000 
2019-12-12 09:00:04.5156 [AISCGWLibData.DbReader.ReadTokenData:79] Trace: TokenValid: ValidFrom: 2019-07-01T00:00:00.0000000 ValidTill: 2020-07-01T00:00:00.0000000 
2019-12-12 09:00:04.6094 [AISCGWLibData.DbReader.ReadTokenData:79] Trace: TokenValid: ValidFrom: 2019-07-01T00:00:00.0000000 ValidTill: 2020-07-01T00:00:00.0000000 
2019-12-12 09:00:04.8438 [AISCGWLibData.DbReader.ReadTokenData:79] Trace: TokenValid: ValidFrom: 2019-07-01T00:00:00.0000000 ValidTill: 2020-07-01T00:00:00.0000000 
2019-12-12 09:00:05.4063 [AISCGWLibData.DbReader.ReadTokenData:79] Trace: TokenValid: ValidFrom: 2019-07-01T00:00:00.0000000 ValidTill: 2020-07-01T00:00:00.0000000 
2019-12-12 09:00:05.6407 [AISCGWLibData.DbReader.ReadTokenData:79] Trace: TokenValid: ValidFrom: 2019-07-01T00:00:00.0000000 ValidTill: 2020-07-01T00:00:00.0000000 
2019-12-12 09:00:05.7188 [AISCGWLibData.DbReader.ReadTokenData:79] Trace: TokenValid: ValidFrom: 2019-07-01T00:00:00.0000000 ValidTill: 2020-07-01T00:00:00.0000000 
2019-12-12 09:00:05.7970 [AISCGWLibData.DbReader.ReadTokenData:79] Trace: TokenValid: ValidFrom: 2019-07-01T00:00:00.0000000 ValidTill: 2020-07-01T00:00:00.0000000 
2019-12-12 09:02:06.7643 [AISCGWLibData.DbReader.ReadTokenData:79] Trace: TokenValid: ValidFrom: 2019-07-01T00:00:00.0000000 ValidTill: 2020-07-01T00:00:00.0000000 
2019-12-12 09:02:06.9987 [AISCGWLibData.DbReader.ReadTokenData:79] Trace: TokenValid: ValidFrom: 2019-07-01T00:00:00.0000000 ValidTill: 2020-07-01T00:00:00.0000000 
2019-12-12 09:47:26.3915 [AISCGWLibData.DbReader.ReadTokenData:79] Trace: TokenValid: ValidFrom: 2019-07-01T00:00:00.0000000 ValidTill: 2020-07-01T00:00:00.0000000 
2019-12-12 09:47:27.5010 [AISCGWLibData.DbReader..ctor:50] Debug: Connection open 
2019-12-12 09:47:27.5010 [AISCGWLibData.DbReader.CheckParkingId:103] Trace: Count: 1 
2019-12-12 09:47:28.0167 [AISCGWLibData.DbReader.ReadInfoData:194] Trace: AISCInfoType: 'ParkingId':'5001','Lang':'ru','ServiceTypes':'1','Levels':'3','CellComputer':'1891','FacilityId':'5001','IsWork':'true','ParkingDocMask':'[0-9]{26}','Lost':'false','ETicket':'false','PriceRangeTicketMin':'50','PriceRangeTicketMax':'300000','PriceRangeSubscriptionMin':'0','PriceRangeSubscriptionMax':'0','VehicleTypeCar':'true','VehicleTypeMotorcycle':'false','VehicleTypeBigCar':'false','Icon':'<#null>','Address':'Москва, Ходынский б-р д.1','Note':'Инвалиды I и II Группа бесплатно. Нужно обратиться к диспетчеру парковки с документами.','Name':'ДС "Мегаспорт"','Phone':'+7-495-643-1818','Tariff':'50 рублей в час, 350 рублей суточный. В день Мероприятия 400 рублей за 7 часов с момента въезда на парковку','Schedule':'Круглосуточно' 
2019-12-12 09:47:28.4385 [AISCGWLibData.DbReader.Dispose:38] Debug: Connection closed 
2019-12-12 11:53:47.0161 [AISCGWLibData.DbReader.ReadTokenData:79] Trace: TokenValid: ValidFrom: 2019-07-01T00:00:00.0000000 ValidTill: 2020-07-01T00:00:00.0000000 
2019-12-12 11:53:48.0943 [AISCGWLibData.DbReader..ctor:50] Debug: Connection open 
2019-12-12 11:53:48.0943 [AISCGWLibData.DbReader.CheckParkingId:103] Trace: Count: 1 
2019-12-12 11:53:48.5630 [AISCGWLibData.DbReader.ReadInfoData:194] Trace: AISCInfoType: 'ParkingId':'5001','Lang':'ru','ServiceTypes':'1','Levels':'3','CellComputer':'1891','FacilityId':'5001','IsWork':'true','ParkingDocMask':'[0-9]{26}','Lost':'false','ETicket':'false','PriceRangeTicketMin':'50','PriceRangeTicketMax':'300000','PriceRangeSubscriptionMin':'0','PriceRangeSubscriptionMax':'0','VehicleTypeCar':'true','VehicleTypeMotorcycle':'false','VehicleTypeBigCar':'false','Icon':'<#null>','Address':'Москва, Ходынский б-р д.1','Note':'Инвалиды I и II Группа бесплатно. Нужно обратиться к диспетчеру парковки с документами.','Name':'ДС "Мегаспорт"','Phone':'+7-495-643-1818','Tariff':'50 рублей в час, 350 рублей суточный. В день Мероприятия 400 рублей за 7 часов с момента въезда на парковку','Schedule':'Круглосуточно' 
2019-12-12 11:53:48.9849 [AISCGWLibData.DbReader.Dispose:38] Debug: Connection closed 
2019-12-12 11:53:51.8446 [AISCGWLibData.DbReader.ReadTokenData:79] Trace: TokenValid: ValidFrom: 2019-07-01T00:00:00.0000000 ValidTill: 2020-07-01T00:00:00.0000000 
2019-12-12 11:53:51.8446 [AISCGWLibData.DbReader..ctor:50] Debug: Connection open 
2019-12-12 11:53:51.8915 [AISCGWLibData.DbReader.GetGraceTime:331] Debug: Получены данные: 1/1/1970 12:25:00 AM 
2019-12-12 11:53:51.8915 [AISCGWLibData.DbReader.ReadInfoDataEx:240] Trace: AISCInfoTypeEx: 'ParkingId':'5001','ServiceTypes':'1','Levels':'3','CellComputer':'1891','FacilityId':'5001','IsWork':'true','ParkingDocMask':'[0-9]{26}','Lost':'false','ETicket':'false','PriceRangeTicketMin':'50','PriceRangeTicketMax':'300000','PriceRangeSubscriptionMin':'0','PriceRangeSubscriptionMax':'0','VehicleTypeCar':'true','VehicleTypeMotorcycle':'false','VehicleTypeBigCar':'false','Icon':'<#null>','DurationPaymentTime':'600','FineForLost':'0' 
2019-12-12 11:53:52.1415 [AISCGWLibData.DbReader.GetMovements:322] Debug: Получены данные: 'nLGLOBALID':'286123','nDEVICE':'103','dACTIONTIME':'2019-12-05T18:55:24.0000000','nTRANSTYPE':'Entry_non_reserved_spaces','nAMOUNT':'0','nVAT':'0','nVATTOT':'0','sTEXT':'Book TT/TM 002/00','sEPAN':'02405121891011039339681240??','sLICENSEPLATE':'E931OB50','nCardType':'1','nCardSubType':'0','nArtRef':'0','nPaymentMask':'0','nFACILITY':'5001' 
2019-12-12 11:53:52.6259 [AISCGWLibData.DbReader.Dispose:38] Debug: Connection closed 
2019-12-12 11:53:52.8759 [AISCGWLibData.DbReader.ReadTokenData:79] Trace: TokenValid: ValidFrom: 2019-07-01T00:00:00.0000000 ValidTill: 2020-07-01T00:00:00.0000000 
2019-12-12 11:53:52.8916 [AISCGWLibData.DbReader..ctor:50] Debug: Connection open 
2019-12-12 11:53:52.8916 [AISCGWLibData.DbReader.CheckParkingId:103] Trace: Count: 1 
2019-12-12 11:53:53.2666 [AISCGWLibData.DbReader.ReadInfoData:194] Trace: AISCInfoType: 'ParkingId':'5001','Lang':'ru','ServiceTypes':'1','Levels':'3','CellComputer':'1891','FacilityId':'5001','IsWork':'true','ParkingDocMask':'[0-9]{26}','Lost':'false','ETicket':'false','PriceRangeTicketMin':'50','PriceRangeTicketMax':'300000','PriceRangeSubscriptionMin':'0','PriceRangeSubscriptionMax':'0','VehicleTypeCar':'true','VehicleTypeMotorcycle':'false','VehicleTypeBigCar':'false','Icon':'<#null>','Address':'Москва, Ходынский б-р д.1','Note':'Инвалиды I и II Группа бесплатно. Нужно обратиться к диспетчеру парковки с документами.','Name':'ДС "Мегаспорт"','Phone':'+7-495-643-1818','Tariff':'50 рублей в час, 350 рублей суточный. В день Мероприятия 400 рублей за 7 часов с момента въезда на парковку','Schedule':'Круглосуточно' 
2019-12-12 11:53:53.6729 [AISCGWLibData.DbReader.Dispose:38] Debug: Connection closed 
2019-12-12 12:00:00.2495 [AISCGWLibData.DbReader.ReadTokenData:79] Trace: TokenValid: ValidFrom: 2019-07-01T00:00:00.0000000 ValidTill: 2020-07-01T00:00:00.0000000 
2019-12-12 12:00:01.4465 [AISCGWLibData.DbReader.ReadTokenData:79] Trace: TokenValid: ValidFrom: 2019-07-01T00:00:00.0000000 ValidTill: 2020-07-01T00:00:00.0000000 
2019-12-12 12:00:01.5356 [AISCGWLibData.DbReader.ReadTokenData:79] Trace: TokenValid: ValidFrom: 2019-07-01T00:00:00.0000000 ValidTill: 2020-07-01T00:00:00.0000000 
2019-12-12 12:00:01.9539 [AISCGWLibData.DbReader.ReadTokenData:79] Trace: TokenValid: ValidFrom: 2019-07-01T00:00:00.0000000 ValidTill: 2020-07-01T00:00:00.0000000 
2019-12-12 12:00:02.0330 [AISCGWLibData.DbReader.ReadTokenData:79] Trace: TokenValid: ValidFrom: 2019-07-01T00:00:00.0000000 ValidTill: 2020-07-01T00:00:00.0000000 
2019-12-12 12:00:02.1801 [AISCGWLibData.DbReader.ReadTokenData:79] Trace: TokenValid: ValidFrom: 2019-07-01T00:00:00.0000000 ValidTill: 2020-07-01T00:00:00.0000000 
2019-12-12 12:00:02.5735 [AISCGWLibData.DbReader.ReadTokenData:79] Trace: TokenValid: ValidFrom: 2019-07-01T00:00:00.0000000 ValidTill: 2020-07-01T00:00:00.0000000 
2019-12-12 12:00:02.9608 [AISCGWLibData.DbReader.ReadTokenData:79] Trace: TokenValid: ValidFrom: 2019-07-01T00:00:00.0000000 ValidTill: 2020-07-01T00:00:00.0000000 
2019-12-12 12:00:03.3761 [AISCGWLibData.DbReader.ReadTokenData:79] Trace: TokenValid: ValidFrom: 2019-07-01T00:00:00.0000000 ValidTill: 2020-07-01T00:00:00.0000000 
2019-12-12 12:00:03.4532 [AISCGWLibData.DbReader.ReadTokenData:79] Trace: TokenValid: ValidFrom: 2019-07-01T00:00:00.0000000 ValidTill: 2020-07-01T00:00:00.0000000 
2019-12-12 12:00:03.7114 [AISCGWLibData.DbReader.ReadTokenData:79] Trace: TokenValid: ValidFrom: 2019-07-01T00:00:00.0000000 ValidTill: 2020-07-01T00:00:00.0000000 
2019-12-12 12:00:03.9586 [AISCGWLibData.DbReader.ReadTokenData:79] Trace: TokenValid: ValidFrom: 2019-07-01T00:00:00.0000000 ValidTill: 2020-07-01T00:00:00.0000000 
2019-12-12 12:00:04.0387 [AISCGWLibData.DbReader.ReadTokenData:79] Trace: TokenValid: ValidFrom: 2019-07-01T00:00:00.0000000 ValidTill: 2020-07-01T00:00:00.0000000 
2019-12-12 12:00:04.4760 [AISCGWLibData.DbReader.ReadTokenData:79] Trace: TokenValid: ValidFrom: 2019-07-01T00:00:00.0000000 ValidTill: 2020-07-01T00:00:00.0000000 
2019-12-12 12:00:04.5581 [AISCGWLibData.DbReader.ReadTokenData:79] Trace: TokenValid: ValidFrom: 2019-07-01T00:00:00.0000000 ValidTill: 2020-07-01T00:00:00.0000000 
2019-12-12 12:00:05.0075 [AISCGWLibData.DbReader.ReadTokenData:79] Trace: TokenValid: ValidFrom: 2019-07-01T00:00:00.0000000 ValidTill: 2020-07-01T00:00:00.0000000 
2019-12-12 12:00:05.3749 [AISCGWLibData.DbReader.ReadTokenData:79] Trace: TokenValid: ValidFrom: 2019-07-01T00:00:00.0000000 ValidTill: 2020-07-01T00:00:00.0000000 
2019-12-12 12:00:05.6110 [AISCGWLibData.DbReader.ReadTokenData:79] Trace: TokenValid: ValidFrom: 2019-07-01T00:00:00.0000000 ValidTill: 2020-07-01T00:00:00.0000000 
2019-12-12 12:00:05.7101 [AISCGWLibData.DbReader.ReadTokenData:79] Trace: TokenValid: ValidFrom: 2019-07-01T00:00:00.0000000 ValidTill: 2020-07-01T00:00:00.0000000 
2019-12-12 12:00:05.8101 [AISCGWLibData.DbReader.ReadTokenData:79] Trace: TokenValid: ValidFrom: 2019-07-01T00:00:00.0000000 ValidTill: 2020-07-01T00:00:00.0000000 
2019-12-12 12:01:01.2270 [AISCGWLibData.DbReader.ReadTokenData:79] Trace: TokenValid: ValidFrom: 2019-07-01T00:00:00.0000000 ValidTill: 2020-07-01T00:00:00.0000000 
2019-12-12 12:01:01.4196 [AISCGWLibData.DbReader.ReadTokenData:79] Trace: TokenValid: ValidFrom: 2019-07-01T00:00:00.0000000 ValidTill: 2020-07-01T00:00:00.0000000 
2019-12-12 12:01:02.3103 [AISCGWLibData.DbReader..ctor:50] Debug: Connection open 
2019-12-12 12:01:02.4124 [AISCGWLibData.DbReader.GetMovements:322] Debug: Получены данные: 'nLGLOBALID':'156036','nDEVICE':'101','dACTIONTIME':'2019-08-26T17:57:42.0000000','nTRANSTYPE':'Entry_non_reserved_spaces','nAMOUNT':'0','nVAT':'0','nVATTOT':'0','sTEXT':'Book TT/TM 002/00','sEPAN':'02405121891011019238646620??','sLICENSEPLATE':'#NOLPN','nCardType':'1','nCardSubType':'0','nArtRef':'0','nPaymentMask':'0','nFACILITY':'5001' 
2019-12-12 12:01:02.4124 [AISCGWLibData.DbReader.GetMovements:322] Debug: Получены данные: 'nLGLOBALID':'181925','nDEVICE':'701','dACTIONTIME':'2019-09-19T17:30:59.0000000','nTRANSTYPE':'POS_payment_transaction','nAMOUNT':'840000','nVAT':'2000','nVATTOT':'140000','sTEXT':'Pay parking ticket','sEPAN':'02405121891011019238646620??','sLICENSEPLATE':'','nCardType':'1','nCardSubType':'0','nArtRef':'0','nPaymentMask':'0','nFACILITY':'5001' 
2019-12-12 12:01:02.4124 [AISCGWLibData.DbReader.GetMovements:322] Debug: Получены данные: 'nLGLOBALID':'181962','nDEVICE':'701','dACTIONTIME':'2019-09-19T17:55:51.0000000','nTRANSTYPE':'POS_extra_payment','nAMOUNT':'5000','nVAT':'2000','nVATTOT':'833','sTEXT':'Pay parking ticket','sEPAN':'02405121891011019238646620??','sLICENSEPLATE':'','nCardType':'1','nCardSubType':'0','nArtRef':'0','nPaymentMask':'0','nFACILITY':'5001' 
2019-12-12 12:01:02.4124 [AISCGWLibData.DbReader.GetMovements:322] Debug: Получены данные: 'nLGLOBALID':'184892','nDEVICE':'701','dACTIONTIME':'2019-09-23T16:56:04.0000000','nTRANSTYPE':'POS_extra_payment','nAMOUNT':'140000','nVAT':'2000','nVATTOT':'23333','sTEXT':'Pay parking ticket','sEPAN':'02405121891011019238646620??','sLICENSEPLATE':'','nCardType':'1','nCardSubType':'0','nArtRef':'0','nPaymentMask':'0','nFACILITY':'5001' 
2019-12-12 12:01:02.4124 [AISCGWLibData.DbReader.GetMovements:322] Debug: Получены данные: 'nLGLOBALID':'186179','nDEVICE':'701','dACTIONTIME':'2019-09-24T15:20:20.0000000','nTRANSTYPE':'POS_extra_payment','nAMOUNT':'1000','nVAT':'2000','nVATTOT':'167','sTEXT':'Pay parking ticket','sEPAN':'02405121891011019238646620??','sLICENSEPLATE':'','nCardType':'1','nCardSubType':'0','nArtRef':'0','nPaymentMask':'0','nFACILITY':'5001' 
2019-12-12 12:01:02.4424 [AISCGWLibData.DbReader.GetMovements:322] Debug: Получены данные: 'nLGLOBALID':'157705','nDEVICE':'103','dACTIONTIME':'2019-08-27T20:10:30.0000000','nTRANSTYPE':'Entry_non_reserved_spaces','nAMOUNT':'0','nVAT':'0','nVATTOT':'0','sTEXT':'Book TT/TM 002/00','sEPAN':'02405121891011039239726300??','sLICENSEPLATE':'K277YA777','nCardType':'1','nCardSubType':'0','nArtRef':'0','nPaymentMask':'0','nFACILITY':'5001' 
2019-12-12 12:01:02.4424 [AISCGWLibData.DbReader.GetMovements:322] Debug: Получены данные: 'nLGLOBALID':'181919','nDEVICE':'701','dACTIONTIME':'2019-09-19T17:27:31.0000000','nTRANSTYPE':'POS_payment_transaction','nAMOUNT':'805000','nVAT':'2000','nVATTOT':'134167','sTEXT':'Pay parking ticket','sEPAN':'02405121891011039239726300??','sLICENSEPLATE':'','nCardType':'1','nCardSubType':'0','nArtRef':'0','nPaymentMask':'0','nFACILITY':'5001' 
2019-12-12 12:01:02.4424 [AISCGWLibData.DbReader.GetMovements:322] Debug: Получены данные: 'nLGLOBALID':'181955','nDEVICE':'701','dACTIONTIME':'2019-09-19T17:53:09.0000000','nTRANSTYPE':'POS_extra_payment','nAMOUNT':'5000','nVAT':'2000','nVATTOT':'833','sTEXT':'Pay parking ticket','sEPAN':'02405121891011039239726300??','sLICENSEPLATE':'','nCardType':'1','nCardSubType':'0','nArtRef':'0','nPaymentMask':'0','nFACILITY':'5001' 
2019-12-12 12:01:02.4424 [AISCGWLibData.DbReader.GetMovements:322] Debug: Получены данные: 'nLGLOBALID':'182018','nDEVICE':'701','dACTIONTIME':'2019-09-19T18:19:05.0000000','nTRANSTYPE':'POS_extra_payment','nAMOUNT':'5000','nVAT':'2000','nVATTOT':'833','sTEXT':'Pay parking ticket','sEPAN':'02405121891011039239726300??','sLICENSEPLATE':'','nCardType':'1','nCardSubType':'0','nArtRef':'0','nPaymentMask':'0','nFACILITY':'5001' 
2019-12-12 12:01:02.4424 [AISCGWLibData.DbReader.GetMovements:322] Debug: Получены данные: 'nLGLOBALID':'182028','nDEVICE':'701','dACTIONTIME':'2019-09-19T18:23:02.0000000','nTRANSTYPE':'POS_extra_payment','nAMOUNT':'5000','nVAT':'2000','nVATTOT':'833','sTEXT':'Pay parking ticket','sEPAN':'02405121891011039239726300??','sLICENSEPLATE':'','nCardType':'1','nCardSubType':'0','nArtRef':'0','nPaymentMask':'0','nFACILITY':'5001' 
2019-12-12 12:01:02.4424 [AISCGWLibData.DbReader.GetMovements:322] Debug: Получены данные: 'nLGLOBALID':'187645','nDEVICE':'701','dACTIONTIME':'2019-09-25T14:33:33.0000000','nTRANSTYPE':'POS_extra_payment','nAMOUNT':'1000','nVAT':'2000','nVATTOT':'167','sTEXT':'Pay parking ticket','sEPAN':'02405121891011039239726300??','sLICENSEPLATE':'','nCardType':'1','nCardSubType':'0','nArtRef':'0','nPaymentMask':'0','nFACILITY':'5001' 
2019-12-12 12:01:02.4424 [AISCGWLibData.DbReader.GetMovements:322] Debug: Получены данные: 'nLGLOBALID':'188226','nDEVICE':'701','dACTIONTIME':'2019-09-25T18:15:22.0000000','nTRANSTYPE':'POS_extra_payment','nAMOUNT':'20000','nVAT':'2000','nVATTOT':'3333','sTEXT':'Pay parking ticket','sEPAN':'02405121891011039239726300??','sLICENSEPLATE':'','nCardType':'1','nCardSubType':'0','nArtRef':'0','nPaymentMask':'0','nFACILITY':'5001' 
2019-12-12 12:01:02.4424 [AISCGWLibData.DbReader.GetMovements:322] Debug: Получены данные: 'nLGLOBALID':'188292','nDEVICE':'701','dACTIONTIME':'2019-09-25T18:55:23.0000000','nTRANSTYPE':'POS_extra_payment','nAMOUNT':'5000','nVAT':'2000','nVATTOT':'833','sTEXT':'Pay parking ticket','sEPAN':'02405121891011039239726300??','sLICENSEPLATE':'','nCardType':'1','nCardSubType':'0','nArtRef':'0','nPaymentMask':'0','nFACILITY':'5001' 
2019-12-12 12:01:02.4614 [AISCGWLibData.DbReader..ctor:50] Debug: Connection open 
2019-12-12 12:01:02.4614 [AISCGWLibData.DbReader.GetMovements:322] Debug: Получены данные: 'nLGLOBALID':'156036','nDEVICE':'101','dACTIONTIME':'2019-08-26T17:57:42.0000000','nTRANSTYPE':'Entry_non_reserved_spaces','nAMOUNT':'0','nVAT':'0','nVATTOT':'0','sTEXT':'Book TT/TM 002/00','sEPAN':'02405121891011019238646620??','sLICENSEPLATE':'#NOLPN','nCardType':'1','nCardSubType':'0','nArtRef':'0','nPaymentMask':'0','nFACILITY':'5001' 
2019-12-12 12:01:02.4614 [AISCGWLibData.DbReader.GetMovements:322] Debug: Получены данные: 'nLGLOBALID':'181925','nDEVICE':'701','dACTIONTIME':'2019-09-19T17:30:59.0000000','nTRANSTYPE':'POS_payment_transaction','nAMOUNT':'840000','nVAT':'2000','nVATTOT':'140000','sTEXT':'Pay parking ticket','sEPAN':'02405121891011019238646620??','sLICENSEPLATE':'','nCardType':'1','nCardSubType':'0','nArtRef':'0','nPaymentMask':'0','nFACILITY':'5001' 
2019-12-12 12:01:02.4614 [AISCGWLibData.DbReader.GetMovements:322] Debug: Получены данные: 'nLGLOBALID':'181962','nDEVICE':'701','dACTIONTIME':'2019-09-19T17:55:51.0000000','nTRANSTYPE':'POS_extra_payment','nAMOUNT':'5000','nVAT':'2000','nVATTOT':'833','sTEXT':'Pay parking ticket','sEPAN':'02405121891011019238646620??','sLICENSEPLATE':'','nCardType':'1','nCardSubType':'0','nArtRef':'0','nPaymentMask':'0','nFACILITY':'5001' 
2019-12-12 12:01:02.4614 [AISCGWLibData.DbReader.GetMovements:322] Debug: Получены данные: 'nLGLOBALID':'184892','nDEVICE':'701','dACTIONTIME':'2019-09-23T16:56:04.0000000','nTRANSTYPE':'POS_extra_payment','nAMOUNT':'140000','nVAT':'2000','nVATTOT':'23333','sTEXT':'Pay parking ticket','sEPAN':'02405121891011019238646620??','sLICENSEPLATE':'','nCardType':'1','nCardSubType':'0','nArtRef':'0','nPaymentMask':'0','nFACILITY':'5001' 
2019-12-12 12:01:02.4614 [AISCGWLibData.DbReader.GetMovements:322] Debug: Получены данные: 'nLGLOBALID':'186179','nDEVICE':'701','dACTIONTIME':'2019-09-24T15:20:20.0000000','nTRANSTYPE':'POS_extra_payment','nAMOUNT':'1000','nVAT':'2000','nVATTOT':'167','sTEXT':'Pay parking ticket','sEPAN':'02405121891011019238646620??','sLICENSEPLATE':'','nCardType':'1','nCardSubType':'0','nArtRef':'0','nPaymentMask':'0','nFACILITY':'5001' 
2019-12-12 12:01:02.4614 [AISCGWLibData.DbReader.GetMovements:322] Debug: Получены данные: 'nLGLOBALID':'157705','nDEVICE':'103','dACTIONTIME':'2019-08-27T20:10:30.0000000','nTRANSTYPE':'Entry_non_reserved_spaces','nAMOUNT':'0','nVAT':'0','nVATTOT':'0','sTEXT':'Book TT/TM 002/00','sEPAN':'02405121891011039239726300??','sLICENSEPLATE':'K277YA777','nCardType':'1','nCardSubType':'0','nArtRef':'0','nPaymentMask':'0','nFACILITY':'5001' 
2019-12-12 12:01:02.4614 [AISCGWLibData.DbReader.GetMovements:322] Debug: Получены данные: 'nLGLOBALID':'181919','nDEVICE':'701','dACTIONTIME':'2019-09-19T17:27:31.0000000','nTRANSTYPE':'POS_payment_transaction','nAMOUNT':'805000','nVAT':'2000','nVATTOT':'134167','sTEXT':'Pay parking ticket','sEPAN':'02405121891011039239726300??','sLICENSEPLATE':'','nCardType':'1','nCardSubType':'0','nArtRef':'0','nPaymentMask':'0','nFACILITY':'5001' 
2019-12-12 12:01:02.4614 [AISCGWLibData.DbReader.GetMovements:322] Debug: Получены данные: 'nLGLOBALID':'181955','nDEVICE':'701','dACTIONTIME':'2019-09-19T17:53:09.0000000','nTRANSTYPE':'POS_extra_payment','nAMOUNT':'5000','nVAT':'2000','nVATTOT':'833','sTEXT':'Pay parking ticket','sEPAN':'02405121891011039239726300??','sLICENSEPLATE':'','nCardType':'1','nCardSubType':'0','nArtRef':'0','nPaymentMask':'0','nFACILITY':'5001' 
2019-12-12 12:01:02.4614 [AISCGWLibData.DbReader.GetMovements:322] Debug: Получены данные: 'nLGLOBALID':'182018','nDEVICE':'701','dACTIONTIME':'2019-09-19T18:19:05.0000000','nTRANSTYPE':'POS_extra_payment','nAMOUNT':'5000','nVAT':'2000','nVATTOT':'833','sTEXT':'Pay parking ticket','sEPAN':'02405121891011039239726300??','sLICENSEPLATE':'','nCardType':'1','nCardSubType':'0','nArtRef':'0','nPaymentMask':'0','nFACILITY':'5001' 
2019-12-12 12:01:02.4614 [AISCGWLibData.DbReader.GetMovements:322] Debug: Получены данные: 'nLGLOBALID':'182028','nDEVICE':'701','dACTIONTIME':'2019-09-19T18:23:02.0000000','nTRANSTYPE':'POS_extra_payment','nAMOUNT':'5000','nVAT':'2000','nVATTOT':'833','sTEXT':'Pay parking ticket','sEPAN':'02405121891011039239726300??','sLICENSEPLATE':'','nCardType':'1','nCardSubType':'0','nArtRef':'0','nPaymentMask':'0','nFACILITY':'5001' 
2019-12-12 12:01:02.4614 [AISCGWLibData.DbReader.GetMovements:322] Debug: Получены данные: 'nLGLOBALID':'187645','nDEVICE':'701','dACTIONTIME':'2019-09-25T14:33:33.0000000','nTRANSTYPE':'POS_extra_payment','nAMOUNT':'1000','nVAT':'2000','nVATTOT':'167','sTEXT':'Pay parking ticket','sEPAN':'02405121891011039239726300??','sLICENSEPLATE':'','nCardType':'1','nCardSubType':'0','nArtRef':'0','nPaymentMask':'0','nFACILITY':'5001' 
2019-12-12 12:01:02.4614 [AISCGWLibData.DbReader.GetMovements:322] Debug: Получены данные: 'nLGLOBALID':'188226','nDEVICE':'701','dACTIONTIME':'2019-09-25T18:15:22.0000000','nTRANSTYPE':'POS_extra_payment','nAMOUNT':'20000','nVAT':'2000','nVATTOT':'3333','sTEXT':'Pay parking ticket','sEPAN':'02405121891011039239726300??','sLICENSEPLATE':'','nCardType':'1','nCardSubType':'0','nArtRef':'0','nPaymentMask':'0','nFACILITY':'5001' 
2019-12-12 12:01:02.4614 [AISCGWLibData.DbReader.GetMovements:322] Debug: Получены данные: 'nLGLOBALID':'188292','nDEVICE':'701','dACTIONTIME':'2019-09-25T18:55:23.0000000','nTRANSTYPE':'POS_extra_payment','nAMOUNT':'5000','nVAT':'2000','nVATTOT':'833','sTEXT':'Pay parking ticket','sEPAN':'02405121891011039239726300??','sLICENSEPLATE':'','nCardType':'1','nCardSubType':'0','nArtRef':'0','nPaymentMask':'0','nFACILITY':'5001' 
2019-12-12 12:01:02.4825 [AISCGWLibData.DbReader.GetMovements:322] Debug: Получены данные: 'nLGLOBALID':'184566','nDEVICE':'102','dACTIONTIME':'2019-09-23T13:24:26.0000000','nTRANSTYPE':'Entry_non_reserved_spaces','nAMOUNT':'0','nVAT':'0','nVATTOT':'0','sTEXT':'Book TT/TM 002/00','sEPAN':'02405121891011029266482660??','sLICENSEPLATE':'#NOLPN','nCardType':'1','nCardSubType':'0','nArtRef':'0','nPaymentMask':'0','nFACILITY':'5001' 
2019-12-12 12:01:02.4825 [AISCGWLibData.DbReader.GetMovements:322] Debug: Получены данные: 'nLGLOBALID':'184566','nDEVICE':'102','dACTIONTIME':'2019-09-23T13:24:26.0000000','nTRANSTYPE':'Entry_non_reserved_spaces','nAMOUNT':'0','nVAT':'0','nVATTOT':'0','sTEXT':'Book TT/TM 002/00','sEPAN':'02405121891011029266482660??','sLICENSEPLATE':'#NOLPN','nCardType':'1','nCardSubType':'0','nArtRef':'0','nPaymentMask':'0','nFACILITY':'5001' 
2019-12-12 12:01:02.4825 [AISCGWLibData.DbReader.GetMovements:322] Debug: Получены данные: 'nLGLOBALID':'195631','nDEVICE':'701','dACTIONTIME':'2019-10-02T12:33:38.0000000','nTRANSTYPE':'POS_payment_transaction','nAMOUNT':'315000','nVAT':'2000','nVATTOT':'52500','sTEXT':'Pay parking ticket','sEPAN':'02405121891011029266482660??','sLICENSEPLATE':'','nCardType':'1','nCardSubType':'0','nArtRef':'0','nPaymentMask':'0','nFACILITY':'5001' 
2019-12-12 12:01:02.4825 [AISCGWLibData.DbReader.GetMovements:322] Debug: Получены данные: 'nLGLOBALID':'195631','nDEVICE':'701','dACTIONTIME':'2019-10-02T12:33:38.0000000','nTRANSTYPE':'POS_payment_transaction','nAMOUNT':'315000','nVAT':'2000','nVATTOT':'52500','sTEXT':'Pay parking ticket','sEPAN':'02405121891011029266482660??','sLICENSEPLATE':'','nCardType':'1','nCardSubType':'0','nArtRef':'0','nPaymentMask':'0','nFACILITY':'5001' 
2019-12-12 12:01:02.5055 [AISCGWLibData.DbReader.GetMovements:322] Debug: Получены данные: 'nLGLOBALID':'207773','nDEVICE':'102','dACTIONTIME':'2019-10-11T11:49:29.0000000','nTRANSTYPE':'Entry_non_reserved_spaces','nAMOUNT':'0','nVAT':'0','nVATTOT':'0','sTEXT':'Book TT/TM 002/00','sEPAN':'02405121891011029284425690??','sLICENSEPLATE':'#NOLPN','nCardType':'1','nCardSubType':'0','nArtRef':'0','nPaymentMask':'0','nFACILITY':'5001' 
2019-12-12 12:01:02.5055 [AISCGWLibData.DbReader.GetMovements:322] Debug: Получены данные: 'nLGLOBALID':'207773','nDEVICE':'102','dACTIONTIME':'2019-10-11T11:49:29.0000000','nTRANSTYPE':'Entry_non_reserved_spaces','nAMOUNT':'0','nVAT':'0','nVATTOT':'0','sTEXT':'Book TT/TM 002/00','sEPAN':'02405121891011029284425690??','sLICENSEPLATE':'#NOLPN','nCardType':'1','nCardSubType':'0','nArtRef':'0','nPaymentMask':'0','nFACILITY':'5001' 
2019-12-12 12:01:02.5055 [AISCGWLibData.DbReader.GetMovements:322] Debug: Получены данные: 'nLGLOBALID':'207812','nDEVICE':'701','dACTIONTIME':'2019-10-11T12:18:13.0000000','nTRANSTYPE':'POS_payment_transaction','nAMOUNT':'5000','nVAT':'2000','nVATTOT':'833','sTEXT':'Pay parking ticket','sEPAN':'02405121891011029284425690??','sLICENSEPLATE':'','nCardType':'1','nCardSubType':'0','nArtRef':'0','nPaymentMask':'0','nFACILITY':'5001' 
2019-12-12 12:01:02.5055 [AISCGWLibData.DbReader.GetMovements:322] Debug: Получены данные: 'nLGLOBALID':'207812','nDEVICE':'701','dACTIONTIME':'2019-10-11T12:18:13.0000000','nTRANSTYPE':'POS_payment_transaction','nAMOUNT':'5000','nVAT':'2000','nVATTOT':'833','sTEXT':'Pay parking ticket','sEPAN':'02405121891011029284425690??','sLICENSEPLATE':'','nCardType':'1','nCardSubType':'0','nArtRef':'0','nPaymentMask':'0','nFACILITY':'5001' 
2019-12-12 12:01:02.5055 [AISCGWLibData.DbReader.GetMovements:322] Debug: Получены данные: 'nLGLOBALID':'203391','nDEVICE':'102','dACTIONTIME':'2019-10-08T07:41:15.0000000','nTRANSTYPE':'Entry_non_reserved_spaces','nAMOUNT':'0','nVAT':'0','nVATTOT':'0','sTEXT':'Book TT/TM 002/00','sEPAN':'02405121891011029281276750??','sLICENSEPLATE':'#NOLPN','nCardType':'1','nCardSubType':'0','nArtRef':'0','nPaymentMask':'0','nFACILITY':'5001' 
2019-12-12 12:01:02.5055 [AISCGWLibData.DbReader.GetMovements:322] Debug: Получены данные: 'nLGLOBALID':'203391','nDEVICE':'102','dACTIONTIME':'2019-10-08T07:41:15.0000000','nTRANSTYPE':'Entry_non_reserved_spaces','nAMOUNT':'0','nVAT':'0','nVATTOT':'0','sTEXT':'Book TT/TM 002/00','sEPAN':'02405121891011029281276750??','sLICENSEPLATE':'#NOLPN','nCardType':'1','nCardSubType':'0','nArtRef':'0','nPaymentMask':'0','nFACILITY':'5001' 
2019-12-12 12:01:02.5205 [AISCGWLibData.DbReader.GetMovements:322] Debug: Получены данные: 'nLGLOBALID':'204767','nDEVICE':'701','dACTIONTIME':'2019-10-09T11:05:59.0000000','nTRANSTYPE':'POS_payment_transaction','nAMOUNT':'55000','nVAT':'2000','nVATTOT':'9167','sTEXT':'Pay parking ticket','sEPAN':'02405121891011029281276750??','sLICENSEPLATE':'','nCardType':'1','nCardSubType':'0','nArtRef':'0','nPaymentMask':'0','nFACILITY':'5001' 
2019-12-12 12:01:02.5205 [AISCGWLibData.DbReader.GetMovements:322] Debug: Получены данные: 'nLGLOBALID':'204767','nDEVICE':'701','dACTIONTIME':'2019-10-09T11:05:59.0000000','nTRANSTYPE':'POS_payment_transaction','nAMOUNT':'55000','nVAT':'2000','nVATTOT':'9167','sTEXT':'Pay parking ticket','sEPAN':'02405121891011029281276750??','sLICENSEPLATE':'','nCardType':'1','nCardSubType':'0','nArtRef':'0','nPaymentMask':'0','nFACILITY':'5001' 
2019-12-12 12:01:02.5445 [AISCGWLibData.DbReader.GetMovements:322] Debug: Получены данные: 'nLGLOBALID':'207772','nDEVICE':'102','dACTIONTIME':'2019-10-11T11:48:56.0000000','nTRANSTYPE':'Entry_non_reserved_spaces','nAMOUNT':'0','nVAT':'0','nVATTOT':'0','sTEXT':'Book TT/TM 002/00','sEPAN':'02405121891011029284425360??','sLICENSEPLATE':'#NOLPN','nCardType':'1','nCardSubType':'0','nArtRef':'0','nPaymentMask':'0','nFACILITY':'5001' 
2019-12-12 12:01:02.5445 [AISCGWLibData.DbReader.GetMovements:322] Debug: Получены данные: 'nLGLOBALID':'207772','nDEVICE':'102','dACTIONTIME':'2019-10-11T11:48:56.0000000','nTRANSTYPE':'Entry_non_reserved_spaces','nAMOUNT':'0','nVAT':'0','nVATTOT':'0','sTEXT':'Book TT/TM 002/00','sEPAN':'02405121891011029284425360??','sLICENSEPLATE':'#NOLPN','nCardType':'1','nCardSubType':'0','nArtRef':'0','nPaymentMask':'0','nFACILITY':'5001' 
2019-12-12 12:01:02.5445 [AISCGWLibData.DbReader.GetMovements:322] Debug: Получены данные: 'nLGLOBALID':'207831','nDEVICE':'701','dACTIONTIME':'2019-10-11T12:30:17.0000000','nTRANSTYPE':'POS_payment_transaction','nAMOUNT':'5000','nVAT':'2000','nVATTOT':'833','sTEXT':'Pay parking ticket','sEPAN':'02405121891011029284425360??','sLICENSEPLATE':'','nCardType':'1','nCardSubType':'0','nArtRef':'0','nPaymentMask':'0','nFACILITY':'5001' 
2019-12-12 12:01:02.5445 [AISCGWLibData.DbReader.GetMovements:322] Debug: Получены данные: 'nLGLOBALID':'207831','nDEVICE':'701','dACTIONTIME':'2019-10-11T12:30:17.0000000','nTRANSTYPE':'POS_payment_transaction','nAMOUNT':'5000','nVAT':'2000','nVATTOT':'833','sTEXT':'Pay parking ticket','sEPAN':'02405121891011029284425360??','sLICENSEPLATE':'','nCardType':'1','nCardSubType':'0','nArtRef':'0','nPaymentMask':'0','nFACILITY':'5001' 
2019-12-12 12:01:02.5445 [AISCGWLibData.DbReader.GetMovements:322] Debug: Получены данные: 'nLGLOBALID':'211145','nDEVICE':'701','dACTIONTIME':'2019-10-15T14:30:06.0000000','nTRANSTYPE':'POS_extra_payment','nAMOUNT':'150000','nVAT':'2000','nVATTOT':'25000','sTEXT':'Pay parking ticket','sEPAN':'02405121891011029284425360??','sLICENSEPLATE':'','nCardType':'1','nCardSubType':'0','nArtRef':'0','nPaymentMask':'0','nFACILITY':'5001' 
2019-12-12 12:01:02.5445 [AISCGWLibData.DbReader.GetMovements:322] Debug: Получены данные: 'nLGLOBALID':'211145','nDEVICE':'701','dACTIONTIME':'2019-10-15T14:30:06.0000000','nTRANSTYPE':'POS_extra_payment','nAMOUNT':'150000','nVAT':'2000','nVATTOT':'25000','sTEXT':'Pay parking ticket','sEPAN':'02405121891011029284425360??','sLICENSEPLATE':'','nCardType':'1','nCardSubType':'0','nArtRef':'0','nPaymentMask':'0','nFACILITY':'5001' 
2019-12-12 12:01:02.5566 [AISCGWLibData.DbReader.GetMovements:322] Debug: Получены данные: 'nLGLOBALID':'203389','nDEVICE':'102','dACTIONTIME':'2019-10-08T07:40:48.0000000','nTRANSTYPE':'Entry_non_reserved_spaces','nAMOUNT':'0','nVAT':'0','nVATTOT':'0','sTEXT':'Book TT/TM 002/00','sEPAN':'02405121891011029281276480??','sLICENSEPLATE':'#NOLPN','nCardType':'1','nCardSubType':'0','nArtRef':'0','nPaymentMask':'0','nFACILITY':'5001' 
2019-12-12 12:01:02.5566 [AISCGWLibData.DbReader.GetMovements:322] Debug: Получены данные: 'nLGLOBALID':'203389','nDEVICE':'102','dACTIONTIME':'2019-10-08T07:40:48.0000000','nTRANSTYPE':'Entry_non_reserved_spaces','nAMOUNT':'0','nVAT':'0','nVATTOT':'0','sTEXT':'Book TT/TM 002/00','sEPAN':'02405121891011029281276480??','sLICENSEPLATE':'#NOLPN','nCardType':'1','nCardSubType':'0','nArtRef':'0','nPaymentMask':'0','nFACILITY':'5001' 
2019-12-12 12:01:02.5566 [AISCGWLibData.DbReader.GetMovements:322] Debug: Получены данные: 'nLGLOBALID':'203660','nDEVICE':'701','dACTIONTIME':'2019-10-08T11:25:24.0000000','nTRANSTYPE':'POS_payment_transaction','nAMOUNT':'20000','nVAT':'2000','nVATTOT':'3333','sTEXT':'Pay parking ticket','sEPAN':'02405121891011029281276480??','sLICENSEPLATE':'','nCardType':'1','nCardSubType':'0','nArtRef':'0','nPaymentMask':'0','nFACILITY':'5001' 
2019-12-12 12:01:02.5566 [AISCGWLibData.DbReader.GetMovements:322] Debug: Получены данные: 'nLGLOBALID':'203660','nDEVICE':'701','dACTIONTIME':'2019-10-08T11:25:24.0000000','nTRANSTYPE':'POS_payment_transaction','nAMOUNT':'20000','nVAT':'2000','nVATTOT':'3333','sTEXT':'Pay parking ticket','sEPAN':'02405121891011029281276480??','sLICENSEPLATE':'','nCardType':'1','nCardSubType':'0','nArtRef':'0','nPaymentMask':'0','nFACILITY':'5001' 
2019-12-12 12:01:02.5675 [AISCGWLibData.DbReader.GetMovements:322] Debug: Получены данные: 'nLGLOBALID':'230908','nDEVICE':'102','dACTIONTIME':'2019-11-01T10:09:34.0000000','nTRANSTYPE':'Entry_non_reserved_spaces','nAMOUNT':'0','nVAT':'0','nVATTOT':'0','sTEXT':'Book TT/TM 002/00','sEPAN':'02405121891011029305365740??','sLICENSEPLATE':'#NOLPN','nCardType':'1','nCardSubType':'0','nArtRef':'0','nPaymentMask':'0','nFACILITY':'5001' 
2019-12-12 12:01:02.5675 [AISCGWLibData.DbReader.GetMovements:322] Debug: Получены данные: 'nLGLOBALID':'230908','nDEVICE':'102','dACTIONTIME':'2019-11-01T10:09:34.0000000','nTRANSTYPE':'Entry_non_reserved_spaces','nAMOUNT':'0','nVAT':'0','nVATTOT':'0','sTEXT':'Book TT/TM 002/00','sEPAN':'02405121891011029305365740??','sLICENSEPLATE':'#NOLPN','nCardType':'1','nCardSubType':'0','nArtRef':'0','nPaymentMask':'0','nFACILITY':'5001' 
2019-12-12 12:01:02.5675 [AISCGWLibData.DbReader.GetMovements:322] Debug: Получены данные: 'nLGLOBALID':'230915','nDEVICE':'701','dACTIONTIME':'2019-11-01T10:14:57.0000000','nTRANSTYPE':'POS_payment_transaction','nAMOUNT':'5000','nVAT':'2000','nVATTOT':'833','sTEXT':'Pay parking ticket','sEPAN':'02405121891011029305365740??','sLICENSEPLATE':'','nCardType':'1','nCardSubType':'0','nArtRef':'0','nPaymentMask':'0','nFACILITY':'5001' 
2019-12-12 12:01:02.5675 [AISCGWLibData.DbReader.GetMovements:322] Debug: Получены данные: 'nLGLOBALID':'230915','nDEVICE':'701','dACTIONTIME':'2019-11-01T10:14:57.0000000','nTRANSTYPE':'POS_payment_transaction','nAMOUNT':'5000','nVAT':'2000','nVATTOT':'833','sTEXT':'Pay parking ticket','sEPAN':'02405121891011029305365740??','sLICENSEPLATE':'','nCardType':'1','nCardSubType':'0','nArtRef':'0','nPaymentMask':'0','nFACILITY':'5001' 
2019-12-12 12:01:02.5826 [AISCGWLibData.DbReader.Dispose:38] Debug: Connection closed 
2019-12-12 12:01:02.6346 [AISCGWLibData.DbReader.Dispose:38] Debug: Connection closed 
2019-12-12 12:02:06.5538 [AISCGWLibData.DbReader.ReadTokenData:79] Trace: TokenValid: ValidFrom: 2019-07-01T00:00:00.0000000 ValidTill: 2020-07-01T00:00:00.0000000 
2019-12-12 12:02:06.7659 [AISCGWLibData.DbReader.ReadTokenData:79] Trace: TokenValid: ValidFrom: 2019-07-01T00:00:00.0000000 ValidTill: 2020-07-01T00:00:00.0000000 
